# JRE version: Java(TM) SE Runtime Environment (8.0_121-b13) (build 1.8.0_121-b13)
# Java VM: Java HotSpot(TM) 64-Bit Server VM (25.121-b13 mixed mode windows-amd64 compressed oops)
Heap:
 PSYoungGen      total 252416K, used 109016K [0x00000000d5b80000, 0x00000000e5d00000, 0x0000000100000000)
  eden space 241152K, 45% used [0x00000000d5b80000,0x00000000dc5f6048,0x00000000e4700000)
  from space 11264K, 0% used [0x00000000e4700000,0x00000000e4700000,0x00000000e5200000)
  to   space 9216K, 0% used [0x00000000e5280000,0x00000000e5280000,0x00000000e5b80000)
 ParOldGen       total 47616K, used 18993K [0x0000000081200000, 0x0000000084080000, 0x00000000d5b80000)
  object space 47616K, 39% used [0x0000000081200000,0x000000008248c4b8,0x0000000084080000)
 Metaspace       used 40876K, capacity 42897K, committed 43008K, reserved 1087488K
  class space    used 5408K, capacity 5809K, committed 5888K, reserved 1048576K
GC Heap History (10 events):
Event: 8.526 GC heap before
{Heap before GC invocations=7 (full 1):
 PSYoungGen      total 141312K, used 6003K [0x00000000d5b80000, 0x00000000dee80000, 0x0000000100000000)
  eden space 133120K, 0% used [0x00000000d5b80000,0x00000000d5b80000,0x00000000ddd80000)
  from space 8192K, 73% used [0x00000000de680000,0x00000000dec5cd38,0x00000000dee80000)
  to   space 8704K, 0% used [0x00000000ddd80000,0x00000000ddd80000,0x00000000de600000)
 ParOldGen       total 87552K, used 5480K [0x0000000081200000, 0x0000000086780000, 0x00000000d5b80000)
  object space 87552K, 6% used [0x0000000081200000,0x000000008175a3f8,0x0000000086780000)
 Metaspace       used 20423K, capacity 21173K, committed 21296K, reserved 1067008K
  class space    used 2721K, capacity 2944K, committed 2944K, reserved 1048576K
Event: 8.569 GC heap after
Heap after GC invocations=7 (full 1):
 PSYoungGen      total 141312K, used 0K [0x00000000d5b80000, 0x00000000dee80000, 0x0000000100000000)
  eden space 133120K, 0% used [0x00000000d5b80000,0x00000000d5b80000,0x00000000ddd80000)
  from space 8192K, 0% used [0x00000000de680000,0x00000000de680000,0x00000000dee80000)
  to   space 8704K, 0% used [0x00000000ddd80000,0x00000000ddd80000,0x00000000de600000)
 ParOldGen       total 47616K, used 6316K [0x0000000081200000, 0x0000000084080000, 0x00000000d5b80000)
  object space 47616K, 13% used [0x0000000081200000,0x000000008182b280,0x0000000084080000)
 Metaspace       used 20421K, capacity 21167K, committed 21296K, reserved 1067008K
  class space    used 2720K, capacity 2943K, committed 2944K, reserved 1048576K
}
Event: 12.584 GC heap before
{Heap before GC invocations=8 (full 1):
 PSYoungGen      total 141312K, used 133120K [0x00000000d5b80000, 0x00000000dee80000, 0x0000000100000000)
  eden space 133120K, 100% used [0x00000000d5b80000,0x00000000ddd80000,0x00000000ddd80000)
  from space 8192K, 0% used [0x00000000de680000,0x00000000de680000,0x00000000dee80000)
  to   space 8704K, 0% used [0x00000000ddd80000,0x00000000ddd80000,0x00000000de600000)
 ParOldGen       total 47616K, used 6316K [0x0000000081200000, 0x0000000084080000, 0x00000000d5b80000)
  object space 47616K, 13% used [0x0000000081200000,0x000000008182b280,0x0000000084080000)
 Metaspace       used 23149K, capacity 24189K, committed 24448K, reserved 1071104K
  class space    used 3156K, capacity 3385K, committed 3456K, reserved 1048576K
Event: 12.597 GC heap after
Heap after GC invocations=8 (full 1):
 PSYoungGen      total 141824K, used 8348K [0x00000000d5b80000, 0x00000000e5b80000, 0x0000000100000000)
  eden space 133120K, 0% used [0x00000000d5b80000,0x00000000d5b80000,0x00000000ddd80000)
  from space 8704K, 95% used [0x00000000ddd80000,0x00000000de5a7060,0x00000000de600000)
  to   space 9216K, 0% used [0x00000000e5280000,0x00000000e5280000,0x00000000e5b80000)
 ParOldGen       total 47616K, used 6324K [0x0000000081200000, 0x0000000084080000, 0x00000000d5b80000)
  object space 47616K, 13% used [0x0000000081200000,0x000000008182d280,0x0000000084080000)
 Metaspace       used 23149K, capacity 24189K, committed 24448K, reserved 1071104K
  class space    used 3156K, capacity 3385K, committed 3456K, reserved 1048576K
}
Event: 13.902 GC heap before
{Heap before GC invocations=9 (full 1):
 PSYoungGen      total 141824K, used 141468K [0x00000000d5b80000, 0x00000000e5b80000, 0x0000000100000000)
  eden space 133120K, 100% used [0x00000000d5b80000,0x00000000ddd80000,0x00000000ddd80000)
  from space 8704K, 95% used [0x00000000ddd80000,0x00000000de5a7060,0x00000000de600000)
  to   space 9216K, 0% used [0x00000000e5280000,0x00000000e5280000,0x00000000e5b80000)
 ParOldGen       total 47616K, used 6324K [0x0000000081200000, 0x0000000084080000, 0x00000000d5b80000)
  object space 47616K, 13% used [0x0000000081200000,0x000000008182d280,0x0000000084080000)
 Metaspace       used 27821K, capacity 29085K, committed 29184K, reserved 1075200K
  class space    used 3776K, capacity 4037K, committed 4096K, reserved 1048576K
Event: 13.920 GC heap after
Heap after GC invocations=9 (full 1):
 PSYoungGen      total 250368K, used 9204K [0x00000000d5b80000, 0x00000000e5d00000, 0x0000000100000000)
  eden space 241152K, 0% used [0x00000000d5b80000,0x00000000d5b80000,0x00000000e4700000)
  from space 9216K, 99% used [0x00000000e5280000,0x00000000e5b7d1a0,0x00000000e5b80000)
  to   space 11264K, 0% used [0x00000000e4700000,0x00000000e4700000,0x00000000e5200000)
 ParOldGen       total 47616K, used 8231K [0x0000000081200000, 0x0000000084080000, 0x00000000d5b80000)
  object space 47616K, 17% used [0x0000000081200000,0x0000000081a09dc0,0x0000000084080000)
 Metaspace       used 27821K, capacity 29085K, committed 29184K, reserved 1075200K
  class space    used 3776K, capacity 4037K, committed 4096K, reserved 1048576K
}
Event: 15.459 GC heap before
{Heap before GC invocations=10 (full 1):
 PSYoungGen      total 250368K, used 161244K [0x00000000d5b80000, 0x00000000e5d00000, 0x0000000100000000)
  eden space 241152K, 63% used [0x00000000d5b80000,0x00000000deff9ee8,0x00000000e4700000)
  from space 9216K, 99% used [0x00000000e5280000,0x00000000e5b7d1a0,0x00000000e5b80000)
  to   space 11264K, 0% used [0x00000000e4700000,0x00000000e4700000,0x00000000e5200000)
 ParOldGen       total 47616K, used 8231K [0x0000000081200000, 0x0000000084080000, 0x00000000d5b80000)
  object space 47616K, 17% used [0x0000000081200000,0x0000000081a09dc0,0x0000000084080000)
 Metaspace       used 33532K, capacity 35349K, committed 35456K, reserved 1079296K
  class space    used 4531K, capacity 4909K, committed 4992K, reserved 1048576K
Event: 15.477 GC heap after
Heap after GC invocations=10 (full 1):
 PSYoungGen      total 252416K, used 11234K [0x00000000d5b80000, 0x00000000e5d00000, 0x0000000100000000)
  eden space 241152K, 0% used [0x00000000d5b80000,0x00000000d5b80000,0x00000000e4700000)
  from space 11264K, 99% used [0x00000000e4700000,0x00000000e51f8b10,0x00000000e5200000)
  to   space 9216K, 0% used [0x00000000e5280000,0x00000000e5280000,0x00000000e5b80000)
 ParOldGen       total 47616K, used 11219K [0x0000000081200000, 0x0000000084080000, 0x00000000d5b80000)
  object space 47616K, 23% used [0x0000000081200000,0x0000000081cf4f68,0x0000000084080000)
 Metaspace       used 33532K, capacity 35349K, committed 35456K, reserved 1079296K
  class space    used 4531K, capacity 4909K, committed 4992K, reserved 1048576K
}
Event: 15.477 GC heap before
{Heap before GC invocations=11 (full 2):
 PSYoungGen      total 252416K, used 11234K [0x00000000d5b80000, 0x00000000e5d00000, 0x0000000100000000)
  eden space 241152K, 0% used [0x00000000d5b80000,0x00000000d5b80000,0x00000000e4700000)
  from space 11264K, 99% used [0x00000000e4700000,0x00000000e51f8b10,0x00000000e5200000)
  to   space 9216K, 0% used [0x00000000e5280000,0x00000000e5280000,0x00000000e5b80000)
 ParOldGen       total 47616K, used 11219K [0x0000000081200000, 0x0000000084080000, 0x00000000d5b80000)
  object space 47616K, 23% used [0x0000000081200000,0x0000000081cf4f68,0x0000000084080000)
 Metaspace       used 33532K, capacity 35349K, committed 35456K, reserved 1079296K
  class space    used 4531K, capacity 4909K, committed 4992K, reserved 1048576K
Event: 15.641 GC heap after
Heap after GC invocations=11 (full 2):
 PSYoungGen      total 252416K, used 0K [0x00000000d5b80000, 0x00000000e5d00000, 0x0000000100000000)
  eden space 241152K, 0% used [0x00000000d5b80000,0x00000000d5b80000,0x00000000e4700000)
  from space 11264K, 0% used [0x00000000e4700000,0x00000000e4700000,0x00000000e5200000)
  to   space 9216K, 0% used [0x00000000e5280000,0x00000000e5280000,0x00000000e5b80000)
 ParOldGen       total 47616K, used 18993K [0x0000000081200000, 0x0000000084080000, 0x00000000d5b80000)
  object space 47616K, 39% used [0x0000000081200000,0x000000008248c4b8,0x0000000084080000)
 Metaspace       used 33532K, capacity 35349K, committed 35456K, reserved 1079296K
  class space    used 4531K, capacity 4909K, committed 4992K, reserved 1048576K
}

